0 info it worked if it ends with ok
1 verbose cli [ '/usr/local/bin/node', '/usr/local/bin/npm', 'start' ]
2 info using npm@3.7.3
3 info using node@v5.9.1
4 verbose run-script [ 'prestart', 'start', 'poststart' ]
5 info lifecycle adp_marketplace@1.0.0~prestart: adp_marketplace@1.0.0
6 silly lifecycle adp_marketplace@1.0.0~prestart: no script for prestart, continuing
7 info lifecycle adp_marketplace@1.0.0~start: adp_marketplace@1.0.0
8 verbose lifecycle adp_marketplace@1.0.0~start: unsafe-perm in lifecycle true
9 verbose lifecycle adp_marketplace@1.0.0~start: PATH: /usr/local/lib/node_modules/npm/bin/node-gyp-bin:/Users/zacharyryansmith/Code/jobs/adp_marketplace/node_modules/.bin:/usr/local/bin:/Users/zacharyryansmith/.rvm/gems/ruby-2.2.1/bin:/Users/zacharyryansmith/.rvm/gems/ruby-2.2.1@global/bin:/Users/zacharyryansmith/.rvm/rubies/ruby-2.2.1/bin:/Library/Frameworks/Python.framework/Versions/2.7/bin:/usr/local/bin:/usr/bin:/bin:/usr/sbin:/sbin:/usr/local/MacGPG2/bin:/Users/zacharyryansmith/.rvm/bin
10 verbose lifecycle adp_marketplace@1.0.0~start: CWD: /Users/zacharyryansmith/Code/jobs/adp_marketplace
11 silly lifecycle adp_marketplace@1.0.0~start: Args: [ '-c', 'node app/index.js' ]
12 silly lifecycle adp_marketplace@1.0.0~start: Returned: code: 1  signal: null
13 info lifecycle adp_marketplace@1.0.0~start: Failed to exec start script
14 verbose stack Error: adp_marketplace@1.0.0 start: `node app/index.js`
14 verbose stack Exit status 1
14 verbose stack     at EventEmitter.<anonymous> (/usr/local/lib/node_modules/npm/lib/utils/lifecycle.js:239:16)
14 verbose stack     at emitTwo (events.js:100:13)
14 verbose stack     at EventEmitter.emit (events.js:185:7)
14 verbose stack     at ChildProcess.<anonymous> (/usr/local/lib/node_modules/npm/lib/utils/spawn.js:24:14)
14 verbose stack     at emitTwo (events.js:100:13)
14 verbose stack     at ChildProcess.emit (events.js:185:7)
14 verbose stack     at maybeClose (internal/child_process.js:850:16)
14 verbose stack     at Process.ChildProcess._handle.onexit (internal/child_process.js:215:5)
15 verbose pkgid adp_marketplace@1.0.0
16 verbose cwd /Users/zacharyryansmith/Code/jobs/adp_marketplace
17 error Darwin 14.5.0
18 error argv "/usr/local/bin/node" "/usr/local/bin/npm" "start"
19 error node v5.9.1
20 error npm  v3.7.3
21 error code ELIFECYCLE
22 error adp_marketplace@1.0.0 start: `node app/index.js`
22 error Exit status 1
23 error Failed at the adp_marketplace@1.0.0 start script 'node app/index.js'.
23 error Make sure you have the latest version of node.js and npm installed.
23 error If you do, this is most likely a problem with the adp_marketplace package,
23 error not with npm itself.
23 error Tell the author that this fails on your system:
23 error     node app/index.js
23 error You can get information on how to open an issue for this project with:
23 error     npm bugs adp_marketplace
23 error Or if that isn't available, you can get their info via:
23 error     npm owner ls adp_marketplace
23 error There is likely additional logging output above.
24 verbose exit [ 1, true ]
